# JRE version: OpenJDK Runtime Environment Temurin-17.0.1+12 (17.0.1+12) (build 17.0.1+12)
# Java VM: OpenJDK 64-Bit Server VM Temurin-17.0.1+12 (17.0.1+12, mixed mode, emulated-client, tiered, compressed oops, compressed class ptrs, g1 gc, windows-amd64)
GC Precious Log:
 CPUs: 4 total, 4 available
 Memory: 1941M
 Large Page Support: Disabled
 NUMA Support: Disabled
 Compressed Oops: Enabled (32-bit)
 Heap Region Size: 1M
 Heap Min Capacity: 8M
 Heap Initial Capacity: 32M
 Heap Max Capacity: 486M
 Pre-touch: Disabled
 Parallel Workers: 4
 Concurrent Workers: 1
 Concurrent Refinement Workers: 4
 Periodic GC: Disabled
Heap:
 garbage-first heap   total 40960K, used 15475K [0x00000000e1a00000, 0x0000000100000000)
  region size 1024K, 1 young (1024K), 1 survivors (1024K)
 Metaspace       used 33981K, committed 34240K, reserved 1081344K
  class space    used 4238K, committed 4352K, reserved 1048576K
GC Heap History (20 events):
Event: 2.726 GC heap after
{Heap after GC invocations=5 (full 0):
 garbage-first heap   total 32768K, used 7777K [0x00000000e1a00000, 0x0000000100000000)
  region size 1024K, 1 young (1024K), 1 survivors (1024K)
 Metaspace       used 15827K, committed 16064K, reserved 1064960K
  class space    used 1693K, committed 1792K, reserved 1048576K
}
Event: 2.749 GC heap before
{Heap before GC invocations=5 (full 0):
 garbage-first heap   total 32768K, used 20065K [0x00000000e1a00000, 0x0000000100000000)
  region size 1024K, 14 young (14336K), 1 survivors (1024K)
 Metaspace       used 15971K, committed 16192K, reserved 1064960K
  class space    used 1703K, committed 1792K, reserved 1048576K
}
Event: 2.751 GC heap after
{Heap after GC invocations=6 (full 0):
 garbage-first heap   total 63488K, used 7873K [0x00000000e1a00000, 0x0000000100000000)
  region size 1024K, 1 young (1024K), 1 survivors (1024K)
 Metaspace       used 15971K, committed 16192K, reserved 1064960K
  class space    used 1703K, committed 1792K, reserved 1048576K
}
Event: 3.419 GC heap before
{Heap before GC invocations=6 (full 0):
 garbage-first heap   total 63488K, used 31425K [0x00000000e1a00000, 0x0000000100000000)
  region size 1024K, 26 young (26624K), 1 survivors (1024K)
 Metaspace       used 21227K, committed 21504K, reserved 1073152K
  class space    used 2448K, committed 2624K, reserved 1048576K
}
Event: 3.423 GC heap after
{Heap after GC invocations=7 (full 0):
 garbage-first heap   total 63488K, used 9346K [0x00000000e1a00000, 0x0000000100000000)
  region size 1024K, 2 young (2048K), 2 survivors (2048K)
 Metaspace       used 21227K, committed 21504K, reserved 1073152K
  class space    used 2448K, committed 2624K, reserved 1048576K
}
Event: 4.074 GC heap before
{Heap before GC invocations=8 (full 0):
 garbage-first heap   total 40960K, used 31874K [0x00000000e1a00000, 0x0000000100000000)
  region size 1024K, 24 young (24576K), 2 survivors (2048K)
 Metaspace       used 26033K, committed 26304K, reserved 1073152K
  class space    used 3081K, committed 3200K, reserved 1048576K
}
Event: 4.079 GC heap after
{Heap after GC invocations=9 (full 0):
 garbage-first heap   total 40960K, used 10391K [0x00000000e1a00000, 0x0000000100000000)
  region size 1024K, 3 young (3072K), 3 survivors (3072K)
 Metaspace       used 26033K, committed 26304K, reserved 1073152K
  class space    used 3081K, committed 3200K, reserved 1048576K
}
Event: 4.134 GC heap before
{Heap before GC invocations=9 (full 0):
 garbage-first heap   total 40960K, used 10391K [0x00000000e1a00000, 0x0000000100000000)
  region size 1024K, 4 young (4096K), 3 survivors (3072K)
 Metaspace       used 26100K, committed 26368K, reserved 1073152K
  class space    used 3095K, committed 3200K, reserved 1048576K
}
Event: 4.138 GC heap after
{Heap after GC invocations=10 (full 0):
 garbage-first heap   total 40960K, used 10610K [0x00000000e1a00000, 0x0000000100000000)
  region size 1024K, 1 young (1024K), 1 survivors (1024K)
 Metaspace       used 26100K, committed 26368K, reserved 1073152K
  class space    used 3095K, committed 3200K, reserved 1048576K
}
Event: 4.147 GC heap before
{Heap before GC invocations=10 (full 0):
 garbage-first heap   total 40960K, used 29042K [0x00000000e1a00000, 0x0000000100000000)
  region size 1024K, 20 young (20480K), 1 survivors (1024K)
 Metaspace       used 26100K, committed 26368K, reserved 1073152K
  class space    used 3095K, committed 3200K, reserved 1048576K
}
Event: 4.148 GC heap after
{Heap after GC invocations=11 (full 0):
 garbage-first heap   total 40960K, used 10315K [0x00000000e1a00000, 0x0000000100000000)
  region size 1024K, 1 young (1024K), 1 survivors (1024K)
 Metaspace       used 26100K, committed 26368K, reserved 1073152K
  class space    used 3095K, committed 3200K, reserved 1048576K
}
Event: 4.302 GC heap before
{Heap before GC invocations=11 (full 0):
 garbage-first heap   total 40960K, used 29771K [0x00000000e1a00000, 0x0000000100000000)
  region size 1024K, 21 young (21504K), 1 survivors (1024K)
 Metaspace       used 26646K, committed 26944K, reserved 1073152K
  class space    used 3141K, committed 3264K, reserved 1048576K
}
Event: 4.303 GC heap after
{Heap after GC invocations=12 (full 0):
 garbage-first heap   total 40960K, used 10408K [0x00000000e1a00000, 0x0000000100000000)
  region size 1024K, 1 young (1024K), 1 survivors (1024K)
 Metaspace       used 26646K, committed 26944K, reserved 1073152K
  class space    used 3141K, committed 3264K, reserved 1048576K
}
Event: 5.322 GC heap before
{Heap before GC invocations=12 (full 0):
 garbage-first heap   total 40960K, used 31912K [0x00000000e1a00000, 0x0000000100000000)
  region size 1024K, 22 young (22528K), 1 survivors (1024K)
 Metaspace       used 28116K, committed 28480K, reserved 1081344K
  class space    used 3371K, committed 3520K, reserved 1048576K
}
Event: 5.325 GC heap after
{Heap after GC invocations=13 (full 0):
 garbage-first heap   total 40960K, used 11926K [0x00000000e1a00000, 0x0000000100000000)
  region size 1024K, 2 young (2048K), 2 survivors (2048K)
 Metaspace       used 28116K, committed 28480K, reserved 1081344K
  class space    used 3371K, committed 3520K, reserved 1048576K
}
Event: 6.264 GC heap before
{Heap before GC invocations=13 (full 0):
 garbage-first heap   total 40960K, used 32406K [0x00000000e1a00000, 0x0000000100000000)
  region size 1024K, 22 young (22528K), 2 survivors (2048K)
 Metaspace       used 30870K, committed 31232K, reserved 1081344K
  class space    used 3793K, committed 3968K, reserved 1048576K
}
Event: 6.269 GC heap after
{Heap after GC invocations=14 (full 0):
 garbage-first heap   total 40960K, used 13450K [0x00000000e1a00000, 0x0000000100000000)
  region size 1024K, 3 young (3072K), 3 survivors (3072K)
 Metaspace       used 30870K, committed 31232K, reserved 1081344K
  class space    used 3793K, committed 3968K, reserved 1048576K
}
Event: 6.730 GC heap before
{Heap before GC invocations=14 (full 0):
 garbage-first heap   total 40960K, used 30858K [0x00000000e1a00000, 0x0000000100000000)
  region size 1024K, 21 young (21504K), 3 survivors (3072K)
 Metaspace       used 33981K, committed 34240K, reserved 1081344K
  class space    used 4238K, committed 4352K, reserved 1048576K
}
Event: 6.737 GC heap after
{Heap after GC invocations=15 (full 0):
 garbage-first heap   total 40960K, used 15289K [0x00000000e1a00000, 0x0000000100000000)
  region size 1024K, 3 young (3072K), 3 survivors (3072K)
 Metaspace       used 33981K, committed 34240K, reserved 1081344K
  class space    used 4238K, committed 4352K, reserved 1048576K
}
Event: 6.742 GC heap before
{Heap before GC invocations=15 (full 0):
 garbage-first heap   total 40960K, used 31673K [0x00000000e1a00000, 0x0000000100000000)
  region size 1024K, 20 young (20480K), 3 survivors (3072K)
 Metaspace       used 33981K, committed 34240K, reserved 1081344K
  class space    used 4238K, committed 4352K, reserved 1048576K
}

